<?xml version="1.0" encoding="UTF-8"?>
<testng-results ignored="0" total="2" passed="2" failed="0" skipped="0">
  <reporter-output>
  </reporter-output>
  <suite started-at="2022-10-11T17:34:19 IST" name="Default suite" finished-at="2022-10-11T17:35:00 IST" duration-ms="40901">
    <groups>
    </groups>
    <test started-at="2022-10-11T17:34:19 IST" name="Default test" finished-at="2022-10-11T17:35:00 IST" duration-ms="40901">
      <class name="mpack.abhibusbooking">
        <test-method signature="abhibusbooking()[pri:0, instance:mpack.abhibusbooking@7193666c]" started-at="2022-10-11T17:34:19 IST" name="abhibusbooking" finished-at="2022-10-11T17:34:52 IST" duration-ms="32844" status="PASS">
          <reporter-output>
          </reporter-output>
        </test-method> <!-- abhibusbooking -->
        <test-method signature="login()[pri:0, instance:mpack.abhibusbooking@7193666c]" started-at="2022-10-11T17:34:52 IST" name="login" finished-at="2022-10-11T17:35:00 IST" duration-ms="7975" status="PASS">
          <reporter-output>
          </reporter-output>
        </test-method> <!-- login -->
      </class> <!-- mpack.abhibusbooking -->
    </test> <!-- Default test -->
  </suite> <!-- Default suite -->
</testng-results>
